<?xml version="1.0" encoding="UTF-8"?>
<testsuite name="PriorityQueueTest" tests="3" skipped="0" failures="0" errors="0" timestamp="2016-08-27T18:22:45" hostname="Ashwins-MacBook-Pro-2.local" time="0.008">
  <properties/>
  <testcase name="insertAndGetMaxWithUnorderedItems" classname="PriorityQueueTest" time="0.004"/>
  <testcase name="insertAndGetMaxWithOneItem" classname="PriorityQueueTest" time="0.001"/>
  <testcase name="insertAndGetMaxWithTwoItems" classname="PriorityQueueTest" time="0.002"/>
  <system-out><![CDATA[]]></system-out>
  <system-err><![CDATA[]]></system-err>
</testsuite>
