<?xml version="1.0" encoding="UTF-8"?>
<testsuite name="PriorityQueueTest" tests="4" skipped="0" failures="0" errors="0" timestamp="2016-08-27T18:25:07" hostname="Ashwins-MacBook-Pro-2.local" time="0.011">
  <properties/>
  <testcase name="insertAndGetMaxWithUnorderedItems" classname="PriorityQueueTest" time="0.005"/>
  <testcase name="insertAndGetMaxWithOneItem" classname="PriorityQueueTest" time="0.002"/>
  <testcase name="insertAndGetMaxWithTwoItems" classname="PriorityQueueTest" time="0.0"/>
  <testcase name="insertAndGetMaxWithMultipleInsertionsAndRetrievals" classname="PriorityQueueTest" time="0.0"/>
  <system-out><![CDATA[]]></system-out>
  <system-err><![CDATA[]]></system-err>
</testsuite>
