<?xml version="1.0" encoding="UTF-8"?>
<testsuite name="PriorityQueueTest" tests="4" skipped="0" failures="0" errors="0" timestamp="2016-08-27T20:12:18" hostname="Ashwins-MBP-2.austin.rr.com" time="0.004">
  <properties/>
  <testcase name="insertAndGetMaxWithUnorderedItems" classname="PriorityQueueTest" time="0.002"/>
  <testcase name="insertAndGetMaxWithOneItem" classname="PriorityQueueTest" time="0.0"/>
  <testcase name="insertAndGetMaxWithTwoItems" classname="PriorityQueueTest" time="0.0"/>
  <testcase name="insertAndGetMaxWithMultipleInsertionsAndRetrievals" classname="PriorityQueueTest" time="0.0"/>
  <system-out><![CDATA[]]></system-out>
  <system-err><![CDATA[]]></system-err>
</testsuite>
